<?xml version="1.0" encoding="UTF-8"?>
<!-- Generated by org.testng.reporters.JUnitReportReporter -->
<testsuite skipped="0" hostname="Santoshs-MacBook-Pro.local" name="com.toshCode.NewTest" tests="1" failures="0" timestamp="14 Mar 2017 01:31:12 GMT" time="5.868" errors="0">
  <testcase name="f" time="5.868" classname="com.toshCode.NewTest"/>
</testsuite> <!-- com.toshCode.NewTest -->
