<?xml version="1.0" encoding="UTF-8"?>
<!-- Generated by org.testng.reporters.JUnitReportReporter -->
<testsuite skipped="0" hostname="Santoshs-MacBook-Pro.local" name="com.toshCode.NewTest" tests="1" failures="0" timestamp="19 Mar 2017 07:52:20 GMT" time="15.341" errors="0">
  <testcase name="f" time="15.341" classname="com.toshCode.NewTest"/>
</testsuite> <!-- com.toshCode.NewTest -->
